Using pre-set license
Built from '2022.3/release' branch; Version is '2022.3.5f1 (9674261d40ee) revision 9860134'; Using compiler version '192829333'; Build Type 'Release'
OS: 'Windows 10  (10.0.19045) 64bit Professional' Language: 'en' Physical Memory: 16315 MB
BatchMode: 1, IsHumanControllingUs: 0, StartBugReporterOnCrash: 0, Is64bit: 1, IsPro: 1

COMMAND LINE ARGUMENTS:
C:\Program Files\Unity 2022.3.5f1\Editor\Unity.exe
-adb2
-batchMode
-noUpm
-name
AssetImportWorker2
-projectPath
F:/Unity/Metal Wheels
-logFile
Logs/AssetImportWorker2.log
-srvPort
52334
Successfully changed project path to: F:/Unity/Metal Wheels
F:/Unity/Metal Wheels
[UnityMemory] Configuration Parameters - Can be set up in boot.config
    "memorysetup-bucket-allocator-granularity=16"
    "memorysetup-bucket-allocator-bucket-count=8"
    "memorysetup-bucket-allocator-block-size=33554432"
    "memorysetup-bucket-allocator-block-count=8"
    "memorysetup-main-allocator-block-size=16777216"
    "memorysetup-thread-allocator-block-size=16777216"
    "memorysetup-gfx-main-allocator-block-size=16777216"
    "memorysetup-gfx-thread-allocator-block-size=16777216"
    "memorysetup-cache-allocator-block-size=4194304"
    "memorysetup-typetree-allocator-block-size=2097152"
    "memorysetup-profiler-bucket-allocator-granularity=16"
    "memorysetup-profiler-bucket-allocator-bucket-count=8"
    "memorysetup-profiler-bucket-allocator-block-size=33554432"
    "memorysetup-profiler-bucket-allocator-block-count=8"
    "memorysetup-profiler-allocator-block-size=16777216"
    "memorysetup-profiler-editor-allocator-block-size=1048576"
    "memorysetup-temp-allocator-size-main=16777216"
    "memorysetup-job-temp-allocator-block-size=2097152"
    "memorysetup-job-temp-allocator-block-size-background=1048576"
    "memorysetup-job-temp-allocator-reduction-small-platforms=262144"
    "memorysetup-allocator-temp-initial-block-size-main=262144"
    "memorysetup-allocator-temp-initial-block-size-worker=262144"
    "memorysetup-temp-allocator-size-background-worker=32768"
    "memorysetup-temp-allocator-size-job-worker=262144"
    "memorysetup-temp-allocator-size-preload-manager=33554432"
    "memorysetup-temp-allocator-size-nav-mesh-worker=65536"
    "memorysetup-temp-allocator-size-audio-worker=65536"
    "memorysetup-temp-allocator-size-cloud-worker=32768"
    "memorysetup-temp-allocator-size-gi-baking-worker=262144"
    "memorysetup-temp-allocator-size-gfx=262144"
Player connection [11108] Host "[IP] 192.168.0.5 [Port] 0 [Flags] 2 [Guid] 640063924 [EditorId] 640063924 [Version] 1048832 [Id] WindowsEditor(7,DESKTOP-M8314VF) [Debug] 1 [PackageName] WindowsEditor [ProjectName] Editor" joined multi-casting on [225.0.0.222:54997]...

Player connection [11108] Host "[IP] 192.168.0.5 [Port] 0 [Flags] 2 [Guid] 640063924 [EditorId] 640063924 [Version] 1048832 [Id] WindowsEditor(7,DESKTOP-M8314VF) [Debug] 1 [PackageName] WindowsEditor [ProjectName] Editor" joined alternative multi-casting on [225.0.0.222:34997]...

Refreshing native plugins compatible for Editor in 49.70 ms, found 4 plugins.
Preloading 0 native plugins for Editor in 0.00 ms.
Initialize engine version: 2022.3.5f1 (9674261d40ee)
[Subsystems] Discovering subsystems at path C:/Program Files/Unity 2022.3.5f1/Editor/Data/Resources/UnitySubsystems
[Subsystems] Discovering subsystems at path F:/Unity/Metal Wheels/Assets
GfxDevice: creating device client; threaded=0; jobified=0
Direct3D:
    Version:  Direct3D 11.0 [level 11.1]
    Renderer: NVIDIA GeForce GTX 1660 SUPER (ID=0x21c4)
    Vendor:   NVIDIA
    VRAM:     5966 MB
    Driver:   32.0.15.7270
Initialize mono
Mono path[0] = 'C:/Program Files/Unity 2022.3.5f1/Editor/Data/Managed'
Mono path[1] = 'C:/Program Files/Unity 2022.3.5f1/Editor/Data/MonoBleedingEdge/lib/mono/unityjit-win32'
Mono config path = 'C:/Program Files/Unity 2022.3.5f1/Editor/Data/MonoBleedingEdge/etc'
Using monoOptions --debugger-agent=transport=dt_socket,embedding=1,server=y,suspend=n,address=127.0.0.1:56872
Begin MonoManager ReloadAssembly
Registering precompiled unity dll's ...
Register platform support module: C:/Program Files/Unity 2022.3.5f1/Editor/Data/PlaybackEngines/WindowsStandaloneSupport/UnityEditor.WindowsStandalone.Extensions.dll
Registered in 0.009094 seconds.
- Loaded All Assemblies, in  0.652 seconds
Native extension for WindowsStandalone target not found
Mono: successfully reloaded assembly
- Finished resetting the current domain, in  0.343 seconds
Domain Reload Profiling: 991ms
	BeginReloadAssembly (329ms)
		ExecutionOrderSort (0ms)
		DisableScriptedObjects (0ms)
		BackupInstance (0ms)
		ReleaseScriptingObjects (0ms)
		CreateAndSetChildDomain (1ms)
	RebuildCommonClasses (47ms)
	RebuildNativeTypeToScriptingClass (16ms)
	initialDomainReloadingComplete (78ms)
	LoadAllAssembliesAndSetupDomain (177ms)
		LoadAssemblies (326ms)
		RebuildTransferFunctionScriptingTraits (0ms)
		AnalyzeDomain (166ms)
			TypeCache.Refresh (165ms)
				TypeCache.ScanAssembly (153ms)
			ScanForSourceGeneratedMonoScriptInfo (0ms)
			ResolveRequiredComponents (1ms)
	FinalizeReload (343ms)
		ReleaseScriptCaches (0ms)
		RebuildScriptCaches (0ms)
		SetupLoadedEditorAssemblies (254ms)
			LogAssemblyErrors (0ms)
			InitializePlatformSupportModulesInManaged (12ms)
			SetLoadedEditorAssemblies (12ms)
			RefreshPlugins (0ms)
			BeforeProcessingInitializeOnLoad (3ms)
			ProcessInitializeOnLoadAttributes (170ms)
			ProcessInitializeOnLoadMethodAttributes (57ms)
			AfterProcessingInitializeOnLoad (0ms)
			EditorAssembliesLoaded (0ms)
		ExecutionOrderSort2 (0ms)
		AwakeInstancesAfterBackupRestoration (0ms)
========================================================================
Worker process is ready to serve import requests
Begin MonoManager ReloadAssembly
Symbol file LoadedFromMemory doesn't match image F:\Unity\Metal Wheels\Library\PackageCache\com.unity.visualscripting@1.8.0\Editor\VisualScripting.Core\Dependencies\YamlDotNet\Unity.VisualScripting.YamlDotNet.dll
Symbol file LoadedFromMemory doesn't match image F:\Unity\Metal Wheels\Library\PackageCache\com.unity.visualscripting@1.8.0\Editor\VisualScripting.Core\Dependencies\DotNetZip\Unity.VisualScripting.IonicZip.dll
- Loaded All Assemblies, in  3.959 seconds
Refreshing native plugins compatible for Editor in 12.90 ms, found 4 plugins.
Native extension for WindowsStandalone target not found
<color>[FusionEditor/Installer]</color> Installing 'com.unity.nuget.mono-cecil@1.10.2' package
UnityEngine.StackTraceUtility:ExtractStackTrace ()
UnityEngine.DebugLogHandler:LogFormat (UnityEngine.LogType,UnityEngine.Object,string,object[])
UnityEngine.Logger:Log (UnityEngine.LogType,object)
UnityEngine.Debug:Log (object)
Fusion.FusionEditorLog:LogInstaller (string)
Fusion.Editor.FusionInstaller:.cctor () (at Assets/Photon/Fusion/Editor/Fusion.Unity.Editor.cs:12065)
System.Runtime.CompilerServices.RuntimeHelpers:RunClassConstructor (System.RuntimeTypeHandle)
UnityEditor.EditorAssemblies:ProcessInitializeOnLoadAttributes (System.Type[])

(Filename: Assets/Photon/Fusion/Editor/Fusion.Unity.Editor.cs Line: 12065)

Package Manager log level set to [2]
[Package Manager] Server::EnsureServerProcessIsRunning -- launch failed, reason: Unity was launched with the -noUpm command-line argument
[Package Manager] UpmClient::Send -- Unable to send message (not connected to UPM process).
[Package Manager] Cannot connect to Unity Package Manager local server
[ScriptCompilation] NOT recompiling all scripts because this is an import worker process. Reason to compile was: Define symbols changed
Mono: successfully reloaded assembly
- Finished resetting the current domain, in  0.833 seconds
Domain Reload Profiling: 4790ms
	BeginReloadAssembly (141ms)
		ExecutionOrderSort (0ms)
		DisableScriptedObjects (6ms)
		BackupInstance (0ms)
		ReleaseScriptingObjects (0ms)
		CreateAndSetChildDomain (22ms)
	RebuildCommonClasses (37ms)
	RebuildNativeTypeToScriptingClass (12ms)
	initialDomainReloadingComplete (49ms)
	LoadAllAssembliesAndSetupDomain (3716ms)
		LoadAssemblies (3467ms)
		RebuildTransferFunctionScriptingTraits (0ms)
		AnalyzeDomain (318ms)
			TypeCache.Refresh (297ms)
				TypeCache.ScanAssembly (285ms)
			ScanForSourceGeneratedMonoScriptInfo (16ms)
			ResolveRequiredComponents (6ms)
	FinalizeReload (834ms)
		ReleaseScriptCaches (0ms)
		RebuildScriptCaches (0ms)
		SetupLoadedEditorAssemblies (669ms)
			LogAssemblyErrors (0ms)
			InitializePlatformSupportModulesInManaged (7ms)
			SetLoadedEditorAssemblies (7ms)
			RefreshPlugins (0ms)
			BeforeProcessingInitializeOnLoad (117ms)
			ProcessInitializeOnLoadAttributes (500ms)
			ProcessInitializeOnLoadMethodAttributes (28ms)
			AfterProcessingInitializeOnLoad (10ms)
			EditorAssembliesLoaded (0ms)
		ExecutionOrderSort2 (0ms)
		AwakeInstancesAfterBackupRestoration (6ms)
Launched and connected shader compiler UnityShaderCompiler.exe after 0.19 seconds
Refreshing native plugins compatible for Editor in 8.39 ms, found 4 plugins.
Preloading 0 native plugins for Editor in 0.00 ms.
Unloading 3190 Unused Serialized files (Serialized files now loaded: 0)
Unloading 55 unused Assets / (69.8 KB). Loaded Objects now: 3628.
Memory consumption went from 120.1 MB to 120.0 MB.
Total: 3.452300 ms (FindLiveObjects: 0.284100 ms CreateObjectMapping: 0.095000 ms MarkObjects: 2.942200 ms  DeleteObjects: 0.130000 ms)

AssetImportParameters requested are different than current active one (requested -> active):
  custom:container-demuxer-ogg: 62fdf1f143b41e24485cea50d1cbac27 -> 
  custom:video-decoder-ogg-theora: a1e56fd34408186e4bbccfd4996cb3dc -> 
  custom:framework-win-MediaFoundation: 216162199b28c13a410421893ffa2e32 -> 
  custom:CustomObjectIndexerAttribute: 756ad292c208cfabdd7b50bc23989ffe -> 
  custom:container-demuxer-webm: 4f35f7cbe854078d1ac9338744f61a02 -> 
  custom:container-muxer-webm: aa71ff27fc2769a1b78a27578f13a17b -> 
  custom:video-decoder-webm-vp8: 9c59270c3fd7afecdb556c50c9e8de78 -> 
  custom:SearchIndexIgnoredProperties: e643bd26f0fe6173181afceb89e7c659 -> 
  custom:AudioImporter_EditorPlatform: d09bf68614088b80899f8185d706f6e7 -> 
  custom:video-encoder-webm-vp8: eb34c28f22e8b96e1ab97ce403110664 -> 
  custom:audio-decoder-ogg-vorbis: bf7c407c2cedff20999df2af8eb42d56 -> 
  custom:audio-encoder-webm-vorbis: bf7c407c2cedff20999df2af8eb42d56 -> 
  custom:scripting/monoscript/fileName/FusionRunnerVisibilityControlsWindow.cs:  -> 503e55d51d5bac9ff9db7e3128ab6896
  custom:scripting/precompiled-assembly-types:websocket-sharp:  -> 14fbe16c400853e620dbee885c09856b
  custom:scripting/precompiled-assembly-types:Photon3Unity3D:  -> c6b5832f40bb2e6733b55db4d782a76d
  custom:scripting/precompiled-assembly-types:Fusion.Sockets:  -> 96b7f418eb9014204622bec6ff514d2c
  custom:scripting/monoscript/fileName/FusionBasicBillboard.cs:  -> a80a3abf722bfab7012d987c953fb25b
  custom:scripting/monoscript/fileName/NetworkProjectConfigImporterEditor.cs:  -> 0b9c7f8db96d38ff89dc9f2e19e80a40
  custom:scripting/monoscript/fileName/EnableOnSingleRunner.cs:  -> 9976ce768e23cc0678b095d30598d8cd
  custom:scripting/monoscript/fileName/FusionWeaverTriggerImporter.cs:  -> 5fc682d3abd06512b01d7350f2f8770a
  custom:scripting/monoscript/fileName/FusionNetworkObjectStatistics.cs:  -> 021db0ff7e2d9da1efde47d41baabec6
  custom:scripting/monoscript/fileName/FusionAddressablePrefabsPreloader.cs:  -> 609c7194fc18608a6ba4972670be253b
  custom:scripting/monoscript/fileName/FusionBootstrap.cs:  -> 6c11197935a2055b5e9a8f3a7b6b3582
  custom:scripting/monoscript/fileName/NetworkCharacterController.cs:  -> 0d9ab4a1b508efe718225ceffebd8e54
  custom:scripting/monoscript/fileName/NetworkObjectProviderDefault.cs:  -> 0eb113b3784be4de9cc2f3cdcdf5e36c
  custom:scripting/monoscript/fileName/FusionStatsConfig.cs:  -> d07ac9fd432a3fe1fc143ca6057eefa0
  custom:scripting/monoscript/fileName/FusionStatsGraphDefault.cs:  -> 5ee101599c172926cb7544039c27358d
  custom:scripting/monoscript/fileName/FusionStatsPanelHeader.cs:  -> 4548dffe5115cb5888d454a4d21545ba
  custom:scripting/monoscript/fileName/RunnerVisibilityLink.cs:  -> 6e4a2325960fce24f58edb6ee6b338d8
  custom:scripting/monoscript/fileName/NetworkPrefabsInspector.cs:  -> d5690b6a52b511d4d789d0067f817a3c
  custom:scripting/monoscript/fileName/Fusion.Unity.Editor.cs:  -> 5d1d99cf77f69a7cb679ac7d71b6c349
  custom:scripting/precompiled-assembly-types:Fusion.Runtime:  -> 62c8adbc61a4fc8c9059650291ec448a
  custom:scripting/monoscript/fileName/FusionStatsWorldAnchor.cs:  -> e51e9d4336f8910a14a6d0db6934550f
  custom:scripting/monoscript/fileName/FusionNetworkObjectStatsGraph.cs:  -> 9984a882a8791892508319702985b2a1
  custom:scripting/monoscript/fileName/RunnerLagCompensationGizmos.cs:  -> f7028307a5d8b8de388a40efb20302af
  custom:scripting/monoscript/fileName/RunnerVisibilityLinksRoot.cs:  -> 64f229c02655e4ab1b3ad93c7368ccfe
  custom:scripting/monoscript/fileName/Fusion.Unity.cs:  -> f2ca333c3793d0f93e8106137e841d6b
  custom:scripting/monoscript/fileName/FusionNetworkObjectStatsGraphCombine.cs:  -> 504ba5016b23b7b24ba99fd9902d9b08
  custom:scripting/monoscript/fileName/RunnerEnableVisibility.cs:  -> e1b57f1bd6fcbd3137975404af4bcf85
  custom:scripting/monoscript/fileName/FusionStatsCanvas.cs:  -> 416da2e503a8c9751993b0a30323c49f
  custom:scripting/monoscript/fileName/NetworkProjectConfigImporter.cs:  -> a2caae9d85fed596662aa6841efc1b3e
  custom:scripting/monoscript/fileName/FusionEditorConfigImporter.cs:  -> efe09da10695ecc318b2a0af514b1210
  custom:scripting/precompiled-assembly-types:Fusion.Realtime:  -> e3c70eccb2f2a96408605e1bd2da19ec
  custom:scripting/precompiled-assembly-types:Fusion.Common:  -> 99c1c6ed442f1f95a07749bb02d7e3fd
  custom:scripting/precompiled-assembly-types:Fusion.Unity:  -> df37f796591600e1dbe7e1db791f7e9a
  custom:scripting/monoscript/fileName/FusionStatistics.cs:  -> 106e5dd35e0be1ca1db7ee4ef56a87b5
  custom:scripting/monoscript/fileName/NetworkSceneManagerDefault.cs:  -> 871a1346f3625e42e5be83f620052e51
  custom:scripting/precompiled-assembly-types:NanoSockets:  -> 5215c3b157b18801e4d4a67db049f6fb
  custom:scripting/monoscript/fileName/FusionBootstrapDebugGUI.cs:  -> 371b4228dd1f5808b5897e19c03d546a
  custom:scripting/monoscript/fileName/RunnerAOIGizmos.cs:  -> 8b1629a60417f80a3d501474e540ad3f
  custom:scripting/monoscript/fileName/FusionEditorSkin.cs:  -> c6dee1ba664a2a78ce51705f2322e50c
  custom:scripting/precompiled-assembly-types:Fusion.Log:  -> 093f99d101b7ad04a386b90ea972ba9f
  custom:scripting/precompiled-assembly-types:Fusion.Unity.Editor:  -> 9e5f52e57c96e30bd3ccb75e9c917fc5
Editor requested this worker to shutdown with reason: Scaling down because of idle timeout
TcpMessagingSession - receive error: operation aborted. errorcode: 995, details: The I/O operation has been aborted because of either a thread exit or an application request.
AssetImportWorker is now disconnected from the server
Process exiting
Exiting without the bug reporter. Application will terminate with return code 0