Using pre-set license
Built from '2022.3/release' branch; Version is '2022.3.5f1 (9674261d40ee) revision 9860134'; Using compiler version '192829333'; Build Type 'Release'
OS: 'Windows 10  (10.0.19045) 64bit Professional' Language: 'en' Physical Memory: 16315 MB
BatchMode: 1, IsHumanControllingUs: 0, StartBugReporterOnCrash: 0, Is64bit: 1, IsPro: 1

COMMAND LINE ARGUMENTS:
C:\Program Files\Unity 2022.3.5f1\Editor\Unity.exe
-adb2
-batchMode
-noUpm
-name
AssetImportWorker0
-projectPath
F:/Unity/Metal Wheels
-logFile
Logs/AssetImportWorker0.log
-srvPort
53787
Successfully changed project path to: F:/Unity/Metal Wheels
F:/Unity/Metal Wheels
[UnityMemory] Configuration Parameters - Can be set up in boot.config
    "memorysetup-bucket-allocator-granularity=16"
    "memorysetup-bucket-allocator-bucket-count=8"
    "memorysetup-bucket-allocator-block-size=33554432"
    "memorysetup-bucket-allocator-block-count=8"
    "memorysetup-main-allocator-block-size=16777216"
    "memorysetup-thread-allocator-block-size=16777216"
    "memorysetup-gfx-main-allocator-block-size=16777216"
    "memorysetup-gfx-thread-allocator-block-size=16777216"
    "memorysetup-cache-allocator-block-size=4194304"
    "memorysetup-typetree-allocator-block-size=2097152"
    "memorysetup-profiler-bucket-allocator-granularity=16"
    "memorysetup-profiler-bucket-allocator-bucket-count=8"
    "memorysetup-profiler-bucket-allocator-block-size=33554432"
    "memorysetup-profiler-bucket-allocator-block-count=8"
    "memorysetup-profiler-allocator-block-size=16777216"
    "memorysetup-profiler-editor-allocator-block-size=1048576"
    "memorysetup-temp-allocator-size-main=16777216"
    "memorysetup-job-temp-allocator-block-size=2097152"
    "memorysetup-job-temp-allocator-block-size-background=1048576"
    "memorysetup-job-temp-allocator-reduction-small-platforms=262144"
    "memorysetup-allocator-temp-initial-block-size-main=262144"
    "memorysetup-allocator-temp-initial-block-size-worker=262144"
    "memorysetup-temp-allocator-size-background-worker=32768"
    "memorysetup-temp-allocator-size-job-worker=262144"
    "memorysetup-temp-allocator-size-preload-manager=33554432"
    "memorysetup-temp-allocator-size-nav-mesh-worker=65536"
    "memorysetup-temp-allocator-size-audio-worker=65536"
    "memorysetup-temp-allocator-size-cloud-worker=32768"
    "memorysetup-temp-allocator-size-gi-baking-worker=262144"
    "memorysetup-temp-allocator-size-gfx=262144"
Player connection [1296] Host "[IP] 192.168.0.5 [Port] 0 [Flags] 2 [Guid] 3027780867 [EditorId] 3027780867 [Version] 1048832 [Id] WindowsEditor(7,DESKTOP-M8314VF) [Debug] 1 [PackageName] WindowsEditor [ProjectName] Editor" joined multi-casting on [225.0.0.222:54997]...

Player connection [1296] Host "[IP] 192.168.0.5 [Port] 0 [Flags] 2 [Guid] 3027780867 [EditorId] 3027780867 [Version] 1048832 [Id] WindowsEditor(7,DESKTOP-M8314VF) [Debug] 1 [PackageName] WindowsEditor [ProjectName] Editor" joined alternative multi-casting on [225.0.0.222:34997]...

Refreshing native plugins compatible for Editor in 21.27 ms, found 4 plugins.
Preloading 0 native plugins for Editor in 0.00 ms.
Initialize engine version: 2022.3.5f1 (9674261d40ee)
[Subsystems] Discovering subsystems at path C:/Program Files/Unity 2022.3.5f1/Editor/Data/Resources/UnitySubsystems
[Subsystems] Discovering subsystems at path F:/Unity/Metal Wheels/Assets
GfxDevice: creating device client; threaded=0; jobified=0
Direct3D:
    Version:  Direct3D 11.0 [level 11.1]
    Renderer: NVIDIA GeForce GTX 1660 SUPER (ID=0x21c4)
    Vendor:   NVIDIA
    VRAM:     5966 MB
    Driver:   32.0.15.7270
Initialize mono
Mono path[0] = 'C:/Program Files/Unity 2022.3.5f1/Editor/Data/Managed'
Mono path[1] = 'C:/Program Files/Unity 2022.3.5f1/Editor/Data/MonoBleedingEdge/lib/mono/unityjit-win32'
Mono config path = 'C:/Program Files/Unity 2022.3.5f1/Editor/Data/MonoBleedingEdge/etc'
Using monoOptions --debugger-agent=transport=dt_socket,embedding=1,server=y,suspend=n,address=127.0.0.1:56428
Begin MonoManager ReloadAssembly
Registering precompiled unity dll's ...
Register platform support module: C:/Program Files/Unity 2022.3.5f1/Editor/Data/PlaybackEngines/WindowsStandaloneSupport/UnityEditor.WindowsStandalone.Extensions.dll
Registered in 0.012154 seconds.
- Loaded All Assemblies, in  0.578 seconds
Native extension for WindowsStandalone target not found
Mono: successfully reloaded assembly
- Finished resetting the current domain, in  0.345 seconds
Domain Reload Profiling: 919ms
	BeginReloadAssembly (144ms)
		ExecutionOrderSort (0ms)
		DisableScriptedObjects (0ms)
		BackupInstance (0ms)
		ReleaseScriptingObjects (0ms)
		CreateAndSetChildDomain (1ms)
	RebuildCommonClasses (56ms)
	RebuildNativeTypeToScriptingClass (16ms)
	initialDomainReloadingComplete (100ms)
	LoadAllAssembliesAndSetupDomain (259ms)
		LoadAssemblies (138ms)
		RebuildTransferFunctionScriptingTraits (0ms)
		AnalyzeDomain (247ms)
			TypeCache.Refresh (246ms)
				TypeCache.ScanAssembly (229ms)
			ScanForSourceGeneratedMonoScriptInfo (1ms)
			ResolveRequiredComponents (1ms)
	FinalizeReload (345ms)
		ReleaseScriptCaches (0ms)
		RebuildScriptCaches (0ms)
		SetupLoadedEditorAssemblies (255ms)
			LogAssemblyErrors (0ms)
			InitializePlatformSupportModulesInManaged (16ms)
			SetLoadedEditorAssemblies (15ms)
			RefreshPlugins (0ms)
			BeforeProcessingInitializeOnLoad (3ms)
			ProcessInitializeOnLoadAttributes (168ms)
			ProcessInitializeOnLoadMethodAttributes (53ms)
			AfterProcessingInitializeOnLoad (0ms)
			EditorAssembliesLoaded (0ms)
		ExecutionOrderSort2 (0ms)
		AwakeInstancesAfterBackupRestoration (0ms)
========================================================================
Worker process is ready to serve import requests
Begin MonoManager ReloadAssembly
Symbol file LoadedFromMemory doesn't match image F:\Unity\Metal Wheels\Library\PackageCache\com.unity.visualscripting@1.8.0\Editor\VisualScripting.Core\Dependencies\YamlDotNet\Unity.VisualScripting.YamlDotNet.dll
Symbol file LoadedFromMemory doesn't match image F:\Unity\Metal Wheels\Library\PackageCache\com.unity.visualscripting@1.8.0\Editor\VisualScripting.Core\Dependencies\DotNetZip\Unity.VisualScripting.IonicZip.dll
- Loaded All Assemblies, in  1.056 seconds
Refreshing native plugins compatible for Editor in 8.82 ms, found 4 plugins.
Native extension for WindowsStandalone target not found
<color>[FusionEditor/Installer]</color> Adding Fusion Define Symbol: 'FUSION_WEAVER'
UnityEngine.StackTraceUtility:ExtractStackTrace ()
UnityEngine.DebugLogHandler:LogFormat (UnityEngine.LogType,UnityEngine.Object,string,object[])
UnityEngine.Logger:Log (UnityEngine.LogType,object)
UnityEngine.Debug:Log (object)
Fusion.FusionEditorLog:LogInstaller (string)
Fusion.Editor.FusionInstaller:TryAddDefine (string&,string,System.Func`2<string, bool>) (at Assets/Photon/Fusion/Editor/Fusion.Unity.Editor.cs:12073)
Fusion.Editor.FusionInstaller:.cctor () (at Assets/Photon/Fusion/Editor/Fusion.Unity.Editor.cs:12060)
System.Runtime.CompilerServices.RuntimeHelpers:RunClassConstructor (System.RuntimeTypeHandle)
UnityEditor.EditorAssemblies:ProcessInitializeOnLoadAttributes (System.Type[])

(Filename: Assets/Photon/Fusion/Editor/Fusion.Unity.Editor.cs Line: 12073)

<color>[FusionEditor/Installer]</color> Adding Fusion Define Symbol: 'FUSION2'
UnityEngine.StackTraceUtility:ExtractStackTrace ()
UnityEngine.DebugLogHandler:LogFormat (UnityEngine.LogType,UnityEngine.Object,string,object[])
UnityEngine.Logger:Log (UnityEngine.LogType,object)
UnityEngine.Debug:Log (object)
Fusion.FusionEditorLog:LogInstaller (string)
Fusion.Editor.FusionInstaller:TryAddDefine (string&,string,System.Func`2<string, bool>) (at Assets/Photon/Fusion/Editor/Fusion.Unity.Editor.cs:12073)
Fusion.Editor.FusionInstaller:.cctor () (at Assets/Photon/Fusion/Editor/Fusion.Unity.Editor.cs:12061)
System.Runtime.CompilerServices.RuntimeHelpers:RunClassConstructor (System.RuntimeTypeHandle)
UnityEditor.EditorAssemblies:ProcessInitializeOnLoadAttributes (System.Type[])

(Filename: Assets/Photon/Fusion/Editor/Fusion.Unity.Editor.cs Line: 12073)

[ScriptCompilation] NOT recompiling all scripts because this is an import worker process. Reason to compile was: Define symbols changed
Mono: successfully reloaded assembly
- Finished resetting the current domain, in  0.888 seconds
Domain Reload Profiling: 1942ms
	BeginReloadAssembly (151ms)
		ExecutionOrderSort (0ms)
		DisableScriptedObjects (7ms)
		BackupInstance (0ms)
		ReleaseScriptingObjects (0ms)
		CreateAndSetChildDomain (23ms)
	RebuildCommonClasses (43ms)
	RebuildNativeTypeToScriptingClass (13ms)
	initialDomainReloadingComplete (66ms)
	LoadAllAssembliesAndSetupDomain (780ms)
		LoadAssemblies (508ms)
		RebuildTransferFunctionScriptingTraits (0ms)
		AnalyzeDomain (346ms)
			TypeCache.Refresh (325ms)
				TypeCache.ScanAssembly (313ms)
			ScanForSourceGeneratedMonoScriptInfo (16ms)
			ResolveRequiredComponents (5ms)
	FinalizeReload (889ms)
		ReleaseScriptCaches (0ms)
		RebuildScriptCaches (0ms)
		SetupLoadedEditorAssemblies (707ms)
			LogAssemblyErrors (0ms)
			InitializePlatformSupportModulesInManaged (8ms)
			SetLoadedEditorAssemblies (7ms)
			RefreshPlugins (0ms)
			BeforeProcessingInitializeOnLoad (125ms)
			ProcessInitializeOnLoadAttributes (530ms)
			ProcessInitializeOnLoadMethodAttributes (26ms)
			AfterProcessingInitializeOnLoad (11ms)
			EditorAssembliesLoaded (0ms)
		ExecutionOrderSort2 (0ms)
		AwakeInstancesAfterBackupRestoration (9ms)
Launched and connected shader compiler UnityShaderCompiler.exe after 0.05 seconds
Refreshing native plugins compatible for Editor in 12.84 ms, found 4 plugins.
Preloading 0 native plugins for Editor in 0.00 ms.
Unloading 3196 Unused Serialized files (Serialized files now loaded: 0)
Unloading 59 unused Assets / (71.2 KB). Loaded Objects now: 3654.
Memory consumption went from 120.7 MB to 120.7 MB.
Total: 4.439400 ms (FindLiveObjects: 0.477700 ms CreateObjectMapping: 0.128500 ms MarkObjects: 3.689200 ms  DeleteObjects: 0.142800 ms)

AssetImportParameters requested are different than current active one (requested -> active):
  custom:container-demuxer-ogg: 62fdf1f143b41e24485cea50d1cbac27 -> 
  custom:video-decoder-ogg-theora: a1e56fd34408186e4bbccfd4996cb3dc -> 
  custom:framework-win-MediaFoundation: 216162199b28c13a410421893ffa2e32 -> 
  custom:CustomObjectIndexerAttribute: 756ad292c208cfabdd7b50bc23989ffe -> 
  custom:container-demuxer-webm: 4f35f7cbe854078d1ac9338744f61a02 -> 
  custom:container-muxer-webm: aa71ff27fc2769a1b78a27578f13a17b -> 
  custom:video-decoder-webm-vp8: 9c59270c3fd7afecdb556c50c9e8de78 -> 
  custom:AudioImporter_EditorPlatform: d09bf68614088b80899f8185d706f6e7 -> 
  custom:video-encoder-webm-vp8: eb34c28f22e8b96e1ab97ce403110664 -> 
  custom:audio-decoder-ogg-vorbis: bf7c407c2cedff20999df2af8eb42d56 -> 
  custom:Fusion.ScriptOrderDependency: 29ad7ce3e3d14d44fbfea38402f2dde5 -> 
  custom:audio-encoder-webm-vorbis: bf7c407c2cedff20999df2af8eb42d56 -> 
  custom:scripting/precompiled-assembly-types:Mono.Cecil.Rocks:  -> 5f71c6f5683af58c1bc2dc303f06a8f9
  custom:scripting/precompiled-assembly-types:Mono.Cecil:  -> a89b8974831fb168c35dab32ff4bc2ab
  custom:scripting/precompiled-assembly-types:Mono.Cecil.Mdb:  -> eeaf3d2a18354879d00d7a56d9384f12
  custom:scripting/precompiled-assembly-types:Mono.Cecil.Pdb:  -> 8503f4121aa743c4dd93ab49beabf1b4
========================================================================
Received Import Request.
  Time since last request: 5406.256002 seconds.
  path: Assets/Scripts/Gameplay/PlayerController.cs
  artifactKey: Guid(126904e37d020dd48a49ed58ac7955e8) Importer(815301076,1909f56bfc062723c751e8b465ee728b)
Start importing Assets/Scripts/Gameplay/PlayerController.cs using Guid(126904e37d020dd48a49ed58ac7955e8) Importer(815301076,1909f56bfc062723c751e8b465ee728b)  -> (artifact id: '921785407b44e62dd6f85ae825526e44') in 0.002765 seconds
Number of updated asset objects reloaded before import = 0
Number of asset objects unloaded after import = 0
========================================================================
Received Import Request.
  Time since last request: 8.387263 seconds.
  path: Assets/Scripts/Gameplay/PlayerController.cs
  artifactKey: Guid(126904e37d020dd48a49ed58ac7955e8) Importer(815301076,1909f56bfc062723c751e8b465ee728b)
Start importing Assets/Scripts/Gameplay/PlayerController.cs using Guid(126904e37d020dd48a49ed58ac7955e8) Importer(815301076,1909f56bfc062723c751e8b465ee728b)  -> (artifact id: 'bd482c8332ffb3fa097334eb92ab5fe2') in 0.000543 seconds
Number of updated asset objects reloaded before import = 0
Number of asset objects unloaded after import = 0
========================================================================
Received Import Request.
  Time since last request: 21.039352 seconds.
  path: Assets/Scripts/Gameplay/PlayerController.cs
  artifactKey: Guid(126904e37d020dd48a49ed58ac7955e8) Importer(815301076,1909f56bfc062723c751e8b465ee728b)
Start importing Assets/Scripts/Gameplay/PlayerController.cs using Guid(126904e37d020dd48a49ed58ac7955e8) Importer(815301076,1909f56bfc062723c751e8b465ee728b)  -> (artifact id: 'aeb405d9e2766091463b0e5e8a8bac80') in 0.000413 seconds
Number of updated asset objects reloaded before import = 0
Number of asset objects unloaded after import = 0
========================================================================
Received Import Request.
  Time since last request: 22.711907 seconds.
  path: Assets/Scripts/Gameplay/HealthController.cs
  artifactKey: Guid(822f26085a7694647813a9aefd01a4d0) Importer(815301076,1909f56bfc062723c751e8b465ee728b)
Start importing Assets/Scripts/Gameplay/HealthController.cs using Guid(822f26085a7694647813a9aefd01a4d0) Importer(815301076,1909f56bfc062723c751e8b465ee728b)  -> (artifact id: 'f66dbd5e90b9972e2a23bbae974d2300') in 0.000456 seconds
Number of updated asset objects reloaded before import = 0
Number of asset objects unloaded after import = 0
========================================================================
Received Import Request.
  Time since last request: 11.392456 seconds.
  path: Assets/Scripts/Gameplay/HealthController.cs
  artifactKey: Guid(822f26085a7694647813a9aefd01a4d0) Importer(815301076,1909f56bfc062723c751e8b465ee728b)
Start importing Assets/Scripts/Gameplay/HealthController.cs using Guid(822f26085a7694647813a9aefd01a4d0) Importer(815301076,1909f56bfc062723c751e8b465ee728b)  -> (artifact id: 'e1a968c4910ef0f92f66be0b3dd5a895') in 0.000500 seconds
Number of updated asset objects reloaded before import = 0
Number of asset objects unloaded after import = 0
========================================================================
Received Import Request.
  Time since last request: 2.394595 seconds.
  path: Assets/Scripts/Gameplay/HealthController.cs
  artifactKey: Guid(822f26085a7694647813a9aefd01a4d0) Importer(815301076,1909f56bfc062723c751e8b465ee728b)
Start importing Assets/Scripts/Gameplay/HealthController.cs using Guid(822f26085a7694647813a9aefd01a4d0) Importer(815301076,1909f56bfc062723c751e8b465ee728b)  -> (artifact id: 'bd247e837e31d573e6afdcd87ecec9d7') in 0.000534 seconds
Number of updated asset objects reloaded before import = 0
Number of asset objects unloaded after import = 0
========================================================================
Received Import Request.
  Time since last request: 32.378818 seconds.
  path: Assets/Scripts/Gameplay/HealthController.cs
  artifactKey: Guid(822f26085a7694647813a9aefd01a4d0) Importer(815301076,1909f56bfc062723c751e8b465ee728b)
Start importing Assets/Scripts/Gameplay/HealthController.cs using Guid(822f26085a7694647813a9aefd01a4d0) Importer(815301076,1909f56bfc062723c751e8b465ee728b)  -> (artifact id: '4791c4adb9631e823fa4c2929a48cd08') in 0.000471 seconds
Number of updated asset objects reloaded before import = 0
Number of asset objects unloaded after import = 0
========================================================================
Received Import Request.
  Time since last request: 4.617406 seconds.
  path: Assets/Scripts/Gameplay/Projectile.cs
  artifactKey: Guid(fc200435a9a30fc4f9f6761b72ddf587) Importer(815301076,1909f56bfc062723c751e8b465ee728b)
Start importing Assets/Scripts/Gameplay/Projectile.cs using Guid(fc200435a9a30fc4f9f6761b72ddf587) Importer(815301076,1909f56bfc062723c751e8b465ee728b)  -> (artifact id: '40008fe627a958ae387d438387a0d935') in 0.000443 seconds
Number of updated asset objects reloaded before import = 0
Number of asset objects unloaded after import = 0
========================================================================
Received Import Request.
  Time since last request: 10.529359 seconds.
  path: Assets/Scripts/Gameplay/Projectile.cs
  artifactKey: Guid(fc200435a9a30fc4f9f6761b72ddf587) Importer(815301076,1909f56bfc062723c751e8b465ee728b)
Start importing Assets/Scripts/Gameplay/Projectile.cs using Guid(fc200435a9a30fc4f9f6761b72ddf587) Importer(815301076,1909f56bfc062723c751e8b465ee728b)  -> (artifact id: 'f73ff845a1ad27079f9b0862047fb9e4') in 0.000508 seconds
Number of updated asset objects reloaded before import = 0
Number of asset objects unloaded after import = 0
========================================================================
Received Import Request.
  Time since last request: 2.361102 seconds.
  path: Assets/Scripts/Gameplay/Projectile.cs
  artifactKey: Guid(fc200435a9a30fc4f9f6761b72ddf587) Importer(815301076,1909f56bfc062723c751e8b465ee728b)
Start importing Assets/Scripts/Gameplay/Projectile.cs using Guid(fc200435a9a30fc4f9f6761b72ddf587) Importer(815301076,1909f56bfc062723c751e8b465ee728b)  -> (artifact id: '968427b1c730014022e7901b4da02568') in 0.000609 seconds
Number of updated asset objects reloaded before import = 0
Number of asset objects unloaded after import = 0
========================================================================
Received Import Request.
  Time since last request: 7.278545 seconds.
  path: Assets/Scripts/Gameplay/Projectile.cs
  artifactKey: Guid(fc200435a9a30fc4f9f6761b72ddf587) Importer(815301076,1909f56bfc062723c751e8b465ee728b)
Start importing Assets/Scripts/Gameplay/Projectile.cs using Guid(fc200435a9a30fc4f9f6761b72ddf587) Importer(815301076,1909f56bfc062723c751e8b465ee728b)  -> (artifact id: '48c09cd6a1f3dafeccfadd5776dfe7d7') in 0.000608 seconds
Number of updated asset objects reloaded before import = 0
Number of asset objects unloaded after import = 0
========================================================================
Received Import Request.
  Time since last request: 7.248862 seconds.
  path: Assets/Scripts/Gameplay/SpecialPickUp.cs
  artifactKey: Guid(99972f36635dd2448a52e7db5353ea1a) Importer(815301076,1909f56bfc062723c751e8b465ee728b)
Start importing Assets/Scripts/Gameplay/SpecialPickUp.cs using Guid(99972f36635dd2448a52e7db5353ea1a) Importer(815301076,1909f56bfc062723c751e8b465ee728b)  -> (artifact id: '8675e4195473f020f6a6e01ca99b5c81') in 0.000471 seconds
Number of updated asset objects reloaded before import = 0
Number of asset objects unloaded after import = 0
========================================================================
Received Import Request.
  Time since last request: 14.697654 seconds.
  path: Assets/Scripts/Gameplay/SpecialPickUp.cs
  artifactKey: Guid(99972f36635dd2448a52e7db5353ea1a) Importer(815301076,1909f56bfc062723c751e8b465ee728b)
Start importing Assets/Scripts/Gameplay/SpecialPickUp.cs using Guid(99972f36635dd2448a52e7db5353ea1a) Importer(815301076,1909f56bfc062723c751e8b465ee728b)  -> (artifact id: 'c07e9485ea61940ff83199bdedfc4fb6') in 0.000508 seconds
Number of updated asset objects reloaded before import = 0
Number of asset objects unloaded after import = 0
========================================================================
Received Import Request.
  Time since last request: 7.139817 seconds.
  path: Assets/Scripts/Gameplay/SpecialPickUp.cs
  artifactKey: Guid(99972f36635dd2448a52e7db5353ea1a) Importer(815301076,1909f56bfc062723c751e8b465ee728b)
Start importing Assets/Scripts/Gameplay/SpecialPickUp.cs using Guid(99972f36635dd2448a52e7db5353ea1a) Importer(815301076,1909f56bfc062723c751e8b465ee728b)  -> (artifact id: 'e123a5c545068fc073285fb74021de89') in 0.000435 seconds
Number of updated asset objects reloaded before import = 0
Number of asset objects unloaded after import = 0
========================================================================
Received Import Request.
  Time since last request: 4.909447 seconds.
  path: Assets/Scripts/Gameplay/GameTimer.cs
  artifactKey: Guid(69ca1b517c74aa84982c9e7cf88e3f85) Importer(815301076,1909f56bfc062723c751e8b465ee728b)
Start importing Assets/Scripts/Gameplay/GameTimer.cs using Guid(69ca1b517c74aa84982c9e7cf88e3f85) Importer(815301076,1909f56bfc062723c751e8b465ee728b)  -> (artifact id: '8454bf5dd027aecd3616d179680c5074') in 0.000449 seconds
Number of updated asset objects reloaded before import = 0
Number of asset objects unloaded after import = 0
========================================================================
Received Import Request.
  Time since last request: 9.834286 seconds.
  path: Assets/Scripts/Gameplay/GameTimer.cs
  artifactKey: Guid(69ca1b517c74aa84982c9e7cf88e3f85) Importer(815301076,1909f56bfc062723c751e8b465ee728b)
Start importing Assets/Scripts/Gameplay/GameTimer.cs using Guid(69ca1b517c74aa84982c9e7cf88e3f85) Importer(815301076,1909f56bfc062723c751e8b465ee728b)  -> (artifact id: '90a6ede00ceca2ae1ddb8af438696f9c') in 0.000536 seconds
Number of updated asset objects reloaded before import = 0
Number of asset objects unloaded after import = 0
========================================================================
Received Import Request.
  Time since last request: 7.572536 seconds.
  path: Assets/Scripts/Gameplay/GameTimer.cs
  artifactKey: Guid(69ca1b517c74aa84982c9e7cf88e3f85) Importer(815301076,1909f56bfc062723c751e8b465ee728b)
Start importing Assets/Scripts/Gameplay/GameTimer.cs using Guid(69ca1b517c74aa84982c9e7cf88e3f85) Importer(815301076,1909f56bfc062723c751e8b465ee728b)  -> (artifact id: '928cad9daaab5eb3cdf80c2fd1519631') in 0.000440 seconds
Number of updated asset objects reloaded before import = 0
Number of asset objects unloaded after import = 0
========================================================================
Received Import Request.
  Time since last request: 8.624488 seconds.
  path: Assets/Scripts/UI/LobbyUI.cs
  artifactKey: Guid(84e75748cbe5cfa41847e655fab1c7f5) Importer(815301076,1909f56bfc062723c751e8b465ee728b)
Start importing Assets/Scripts/UI/LobbyUI.cs using Guid(84e75748cbe5cfa41847e655fab1c7f5) Importer(815301076,1909f56bfc062723c751e8b465ee728b)  -> (artifact id: '2aba7d509d032b1872d1796166a87c3f') in 0.000451 seconds
Number of updated asset objects reloaded before import = 0
Number of asset objects unloaded after import = 0
========================================================================
Received Import Request.
  Time since last request: 7.792158 seconds.
  path: Assets/Scripts/UI/EndGameUI.cs
  artifactKey: Guid(255763be5a869e6478646275a725f422) Importer(815301076,1909f56bfc062723c751e8b465ee728b)
Start importing Assets/Scripts/UI/EndGameUI.cs using Guid(255763be5a869e6478646275a725f422) Importer(815301076,1909f56bfc062723c751e8b465ee728b)  -> (artifact id: '44b39898248942a27b02dcf3795adee6') in 0.000460 seconds
Number of updated asset objects reloaded before import = 0
Number of asset objects unloaded after import = 0
========================================================================
Received Import Request.
  Time since last request: 10.798838 seconds.
  path: Assets/Scripts/UI/EndGameUI.cs
  artifactKey: Guid(255763be5a869e6478646275a725f422) Importer(815301076,1909f56bfc062723c751e8b465ee728b)
Start importing Assets/Scripts/UI/EndGameUI.cs using Guid(255763be5a869e6478646275a725f422) Importer(815301076,1909f56bfc062723c751e8b465ee728b)  -> (artifact id: '1acf1c92de4512e9b79b123606b24187') in 0.000497 seconds
Number of updated asset objects reloaded before import = 0
Number of asset objects unloaded after import = 0
========================================================================
Received Import Request.
  Time since last request: 12.279638 seconds.
  path: Assets/Scripts/UI/EndGameUI.cs
  artifactKey: Guid(255763be5a869e6478646275a725f422) Importer(815301076,1909f56bfc062723c751e8b465ee728b)
Start importing Assets/Scripts/UI/EndGameUI.cs using Guid(255763be5a869e6478646275a725f422) Importer(815301076,1909f56bfc062723c751e8b465ee728b)  -> (artifact id: 'aa6350a4b963a333dda7b979313989fc') in 0.000511 seconds
Number of updated asset objects reloaded before import = 0
Number of asset objects unloaded after import = 0
========================================================================
Received Import Request.
  Time since last request: 25.570377 seconds.
  path: Assets/Scripts/Network/LobbyManager.cs
  artifactKey: Guid(ef080eda03b299b469d6224d78debd7f) Importer(815301076,1909f56bfc062723c751e8b465ee728b)
Start importing Assets/Scripts/Network/LobbyManager.cs using Guid(ef080eda03b299b469d6224d78debd7f) Importer(815301076,1909f56bfc062723c751e8b465ee728b)  -> (artifact id: '9a4fcad5596bad8d80d08ad57cd9d82d') in 0.000451 seconds
Number of updated asset objects reloaded before import = 0
Number of asset objects unloaded after import = 0
========================================================================
Received Import Request.
  Time since last request: 10.651779 seconds.
  path: Assets/Scripts/Network/LobbyManager.cs
  artifactKey: Guid(ef080eda03b299b469d6224d78debd7f) Importer(815301076,1909f56bfc062723c751e8b465ee728b)
Start importing Assets/Scripts/Network/LobbyManager.cs using Guid(ef080eda03b299b469d6224d78debd7f) Importer(815301076,1909f56bfc062723c751e8b465ee728b)  -> (artifact id: '83b66990d1cb572c317e4d6fe391afd1') in 0.000462 seconds
Number of updated asset objects reloaded before import = 0
Number of asset objects unloaded after import = 0
========================================================================
Received Import Request.
  Time since last request: 37.061999 seconds.
  path: Assets/Scripts/Network/LobbyManager.cs
  artifactKey: Guid(ef080eda03b299b469d6224d78debd7f) Importer(815301076,1909f56bfc062723c751e8b465ee728b)
Start importing Assets/Scripts/Network/LobbyManager.cs using Guid(ef080eda03b299b469d6224d78debd7f) Importer(815301076,1909f56bfc062723c751e8b465ee728b)  -> (artifact id: '9635e707a53ae8ed2e5d859e71283368') in 0.000535 seconds
Number of updated asset objects reloaded before import = 0
Number of asset objects unloaded after import = 0
========================================================================
Received Import Request.
  Time since last request: 969.699085 seconds.
  path: Assets/Scripts/Network/PlayerNetworkData.cs
  artifactKey: Guid(32b907dd40cbda940bf59cda5ec3a549) Importer(815301076,1909f56bfc062723c751e8b465ee728b)
Start importing Assets/Scripts/Network/PlayerNetworkData.cs using Guid(32b907dd40cbda940bf59cda5ec3a549) Importer(815301076,1909f56bfc062723c751e8b465ee728b)  -> (artifact id: 'e695218532320344981a96dfd033befa') in 0.000591 seconds
Number of updated asset objects reloaded before import = 0
Number of asset objects unloaded after import = 0
========================================================================
Received Import Request.
  Time since last request: 1432.144766 seconds.
  path: Assets/Scripts/Network/PlayerNetworkData.cs
  artifactKey: Guid(32b907dd40cbda940bf59cda5ec3a549) Importer(815301076,1909f56bfc062723c751e8b465ee728b)
Start importing Assets/Scripts/Network/PlayerNetworkData.cs using Guid(32b907dd40cbda940bf59cda5ec3a549) Importer(815301076,1909f56bfc062723c751e8b465ee728b)  -> (artifact id: '40215a512ddf86376a39c14b72a58d58') in 0.000547 seconds
Number of updated asset objects reloaded before import = 0
Number of asset objects unloaded after import = 0
========================================================================
Received Import Request.
  Time since last request: 312.432700 seconds.
  path: Assets/Photon
  artifactKey: Guid(e1dd641fa537112498458dab5926c450) Importer(815301076,1909f56bfc062723c751e8b465ee728b)
Start importing Assets/Photon using Guid(e1dd641fa537112498458dab5926c450) Importer(815301076,1909f56bfc062723c751e8b465ee728b)  -> (artifact id: '6a9169d22a349a2c7d16e9de226d174d') in 0.000702 seconds
Number of updated asset objects reloaded before import = 0
Number of asset objects unloaded after import = 0
========================================================================
Received Import Request.
  Time since last request: 16.855596 seconds.
  path: Assets/Scenes/Lobby.unity
  artifactKey: Guid(98c73562528545344bec4eac080a412c) Importer(815301076,1909f56bfc062723c751e8b465ee728b)
Start importing Assets/Scenes/Lobby.unity using Guid(98c73562528545344bec4eac080a412c) Importer(815301076,1909f56bfc062723c751e8b465ee728b)  -> (artifact id: '363f43bdb40406e5679799c0276493e2') in 0.000648 seconds
Number of updated asset objects reloaded before import = 0
Number of asset objects unloaded after import = 0
========================================================================
Received Prepare
Refreshing native plugins compatible for Editor in 13.66 ms, found 4 plugins.
Preloading 0 native plugins for Editor in 0.00 ms.
Unloading 8 Unused Serialized files (Serialized files now loaded: 0)
Unloading 1 unused Assets / (18.3 KB). Loaded Objects now: 3662.
Memory consumption went from 69.4 MB to 69.4 MB.
Total: 34.385900 ms (FindLiveObjects: 0.838000 ms CreateObjectMapping: 0.122000 ms MarkObjects: 33.357500 ms  DeleteObjects: 0.067000 ms)

Prepare: number of updated asset objects reloaded= 0
AssetImportParameters requested are different than current active one (requested -> active):
  custom:container-demuxer-ogg: 62fdf1f143b41e24485cea50d1cbac27 -> 
  custom:video-decoder-ogg-theora: a1e56fd34408186e4bbccfd4996cb3dc -> 
  custom:framework-win-MediaFoundation: 216162199b28c13a410421893ffa2e32 -> 
  custom:CustomObjectIndexerAttribute: 756ad292c208cfabdd7b50bc23989ffe -> 
  custom:container-demuxer-webm: 4f35f7cbe854078d1ac9338744f61a02 -> 
  custom:FusionILWeaverTriggerImporter/ConfigHash: b0b173a93bb19085723cb3d421b3a13b -> 
  custom:container-muxer-webm: aa71ff27fc2769a1b78a27578f13a17b -> 
  custom:video-decoder-webm-vp8: 9c59270c3fd7afecdb556c50c9e8de78 -> 
  custom:AudioImporter_EditorPlatform: d09bf68614088b80899f8185d706f6e7 -> 
  custom:video-encoder-webm-vp8: eb34c28f22e8b96e1ab97ce403110664 -> 
  custom:audio-decoder-ogg-vorbis: bf7c407c2cedff20999df2af8eb42d56 -> 
  custom:Fusion.ScriptOrderDependency: 29ad7ce3e3d14d44fbfea38402f2dde5 -> 
  custom:audio-encoder-webm-vorbis: bf7c407c2cedff20999df2af8eb42d56 -> 
  custom:scripting/precompiled-assembly-types:Mono.Cecil.Rocks:  -> 5f71c6f5683af58c1bc2dc303f06a8f9
  custom:scripting/precompiled-assembly-types:Mono.Cecil:  -> a89b8974831fb168c35dab32ff4bc2ab
  custom:scripting/precompiled-assembly-types:Mono.Cecil.Mdb:  -> eeaf3d2a18354879d00d7a56d9384f12
  custom:scripting/precompiled-assembly-types:Mono.Cecil.Pdb:  -> 8503f4121aa743c4dd93ab49beabf1b4
========================================================================
Received Import Request.
  Time since last request: 226.079089 seconds.
  path: Assets/Photon/Fusion/Resources/NetworkProjectConfig.fusion
  artifactKey: Guid(9ae21d3bce30bc94ab6cc07fcd251368) Importer(815301076,1909f56bfc062723c751e8b465ee728b)
Start importing Assets/Photon/Fusion/Resources/NetworkProjectConfig.fusion using Guid(9ae21d3bce30bc94ab6cc07fcd251368) Importer(815301076,1909f56bfc062723c751e8b465ee728b)  -> (artifact id: '35a86219414e5746987d324f5c915933') in 0.049702 seconds
Number of updated asset objects reloaded before import = 0
Number of asset objects unloaded after import = 1
========================================================================
Received Prepare
Begin MonoManager ReloadAssembly
Symbol file LoadedFromMemory doesn't match image F:\Unity\Metal Wheels\Library\PackageCache\com.unity.visualscripting@1.8.0\Editor\VisualScripting.Core\Dependencies\YamlDotNet\Unity.VisualScripting.YamlDotNet.dll
Symbol file LoadedFromMemory doesn't match image F:\Unity\Metal Wheels\Library\PackageCache\com.unity.visualscripting@1.8.0\Editor\VisualScripting.Core\Dependencies\DotNetZip\Unity.VisualScripting.IonicZip.dll
- Loaded All Assemblies, in  1.064 seconds
Refreshing native plugins compatible for Editor in 8.81 ms, found 4 plugins.
Native extension for WindowsStandalone target not found
<color>[FusionEditor/Installer]</color> Adding Fusion Define Symbol: 'FUSION_WEAVER'
UnityEngine.StackTraceUtility:ExtractStackTrace ()
UnityEngine.DebugLogHandler:LogFormat (UnityEngine.LogType,UnityEngine.Object,string,object[])
UnityEngine.Logger:Log (UnityEngine.LogType,object)
UnityEngine.Debug:Log (object)
Fusion.FusionEditorLog:LogInstaller (string)
Fusion.Editor.FusionInstaller:TryAddDefine (string&,string,System.Func`2<string, bool>) (at Assets/Photon/Fusion/Editor/Fusion.Unity.Editor.cs:12073)
Fusion.Editor.FusionInstaller:.cctor () (at Assets/Photon/Fusion/Editor/Fusion.Unity.Editor.cs:12060)
System.Runtime.CompilerServices.RuntimeHelpers:RunClassConstructor (System.RuntimeTypeHandle)
UnityEditor.EditorAssemblies:ProcessInitializeOnLoadAttributes (System.Type[])

(Filename: Assets/Photon/Fusion/Editor/Fusion.Unity.Editor.cs Line: 12073)

<color>[FusionEditor/Installer]</color> Adding Fusion Define Symbol: 'FUSION2'
UnityEngine.StackTraceUtility:ExtractStackTrace ()
UnityEngine.DebugLogHandler:LogFormat (UnityEngine.LogType,UnityEngine.Object,string,object[])
UnityEngine.Logger:Log (UnityEngine.LogType,object)
UnityEngine.Debug:Log (object)
Fusion.FusionEditorLog:LogInstaller (string)
Fusion.Editor.FusionInstaller:TryAddDefine (string&,string,System.Func`2<string, bool>) (at Assets/Photon/Fusion/Editor/Fusion.Unity.Editor.cs:12073)
Fusion.Editor.FusionInstaller:.cctor () (at Assets/Photon/Fusion/Editor/Fusion.Unity.Editor.cs:12061)
System.Runtime.CompilerServices.RuntimeHelpers:RunClassConstructor (System.RuntimeTypeHandle)
UnityEditor.EditorAssemblies:ProcessInitializeOnLoadAttributes (System.Type[])

(Filename: Assets/Photon/Fusion/Editor/Fusion.Unity.Editor.cs Line: 12073)

[ScriptCompilation] NOT recompiling all scripts because this is an import worker process. Reason to compile was: Define symbols changed
Mono: successfully reloaded assembly
- Finished resetting the current domain, in  6.236 seconds
Domain Reload Profiling: 7298ms
	BeginReloadAssembly (299ms)
		ExecutionOrderSort (0ms)
		DisableScriptedObjects (11ms)
		BackupInstance (0ms)
		ReleaseScriptingObjects (0ms)
		CreateAndSetChildDomain (146ms)
	RebuildCommonClasses (43ms)
	RebuildNativeTypeToScriptingClass (13ms)
	initialDomainReloadingComplete (47ms)
	LoadAllAssembliesAndSetupDomain (659ms)
		LoadAssemblies (407ms)
		RebuildTransferFunctionScriptingTraits (0ms)
		AnalyzeDomain (337ms)
			TypeCache.Refresh (327ms)
				TypeCache.ScanAssembly (302ms)
			ScanForSourceGeneratedMonoScriptInfo (4ms)
			ResolveRequiredComponents (6ms)
	FinalizeReload (6237ms)
		ReleaseScriptCaches (0ms)
		RebuildScriptCaches (0ms)
		SetupLoadedEditorAssemblies (3893ms)
			LogAssemblyErrors (0ms)
			InitializePlatformSupportModulesInManaged (13ms)
			SetLoadedEditorAssemblies (32ms)
			RefreshPlugins (0ms)
			BeforeProcessingInitializeOnLoad (807ms)
			ProcessInitializeOnLoadAttributes (2962ms)
			ProcessInitializeOnLoadMethodAttributes (62ms)
			AfterProcessingInitializeOnLoad (16ms)
			EditorAssembliesLoaded (1ms)
		ExecutionOrderSort2 (0ms)
		AwakeInstancesAfterBackupRestoration (8ms)
Refreshing native plugins compatible for Editor in 13.13 ms, found 4 plugins.
Preloading 0 native plugins for Editor in 0.00 ms.
Unloading 3195 Unused Serialized files (Serialized files now loaded: 0)
Unloading 50 unused Assets / (45.5 KB). Loaded Objects now: 3666.
Memory consumption went from 119.5 MB to 119.4 MB.
Total: 4.222600 ms (FindLiveObjects: 0.461600 ms CreateObjectMapping: 0.123600 ms MarkObjects: 3.546800 ms  DeleteObjects: 0.089300 ms)

Prepare: number of updated asset objects reloaded= 0
AssetImportParameters requested are different than current active one (requested -> active):
  custom:container-demuxer-ogg: 62fdf1f143b41e24485cea50d1cbac27 -> 
  custom:video-decoder-ogg-theora: a1e56fd34408186e4bbccfd4996cb3dc -> 
  custom:framework-win-MediaFoundation: 216162199b28c13a410421893ffa2e32 -> 
  custom:CustomObjectIndexerAttribute: 756ad292c208cfabdd7b50bc23989ffe -> 
  custom:container-demuxer-webm: 4f35f7cbe854078d1ac9338744f61a02 -> 
  custom:FusionILWeaverTriggerImporter/ConfigHash: b0b173a93bb19085723cb3d421b3a13b -> 
  custom:container-muxer-webm: aa71ff27fc2769a1b78a27578f13a17b -> 
  custom:video-decoder-webm-vp8: 9c59270c3fd7afecdb556c50c9e8de78 -> 
  custom:AudioImporter_EditorPlatform: d09bf68614088b80899f8185d706f6e7 -> 
  custom:video-encoder-webm-vp8: eb34c28f22e8b96e1ab97ce403110664 -> 
  custom:audio-decoder-ogg-vorbis: bf7c407c2cedff20999df2af8eb42d56 -> 
  custom:Fusion.ScriptOrderDependency: 29ad7ce3e3d14d44fbfea38402f2dde5 -> 
  custom:audio-encoder-webm-vorbis: bf7c407c2cedff20999df2af8eb42d56 -> 
========================================================================
Received Prepare
Begin MonoManager ReloadAssembly
Symbol file LoadedFromMemory doesn't match image F:\Unity\Metal Wheels\Library\PackageCache\com.unity.visualscripting@1.8.0\Editor\VisualScripting.Core\Dependencies\YamlDotNet\Unity.VisualScripting.YamlDotNet.dll
Symbol file LoadedFromMemory doesn't match image F:\Unity\Metal Wheels\Library\PackageCache\com.unity.visualscripting@1.8.0\Editor\VisualScripting.Core\Dependencies\DotNetZip\Unity.VisualScripting.IonicZip.dll
- Loaded All Assemblies, in  0.844 seconds
Refreshing native plugins compatible for Editor in 8.51 ms, found 4 plugins.
Native extension for WindowsStandalone target not found
<color>[FusionEditor/Installer]</color> Adding Fusion Define Symbol: 'FUSION_WEAVER'
UnityEngine.StackTraceUtility:ExtractStackTrace ()
UnityEngine.DebugLogHandler:LogFormat (UnityEngine.LogType,UnityEngine.Object,string,object[])
UnityEngine.Logger:Log (UnityEngine.LogType,object)
UnityEngine.Debug:Log (object)
Fusion.FusionEditorLog:LogInstaller (string)
Fusion.Editor.FusionInstaller:TryAddDefine (string&,string,System.Func`2<string, bool>) (at Assets/Photon/Fusion/Editor/Fusion.Unity.Editor.cs:12073)
Fusion.Editor.FusionInstaller:.cctor () (at Assets/Photon/Fusion/Editor/Fusion.Unity.Editor.cs:12060)
System.Runtime.CompilerServices.RuntimeHelpers:RunClassConstructor (System.RuntimeTypeHandle)
UnityEditor.EditorAssemblies:ProcessInitializeOnLoadAttributes (System.Type[])

(Filename: Assets/Photon/Fusion/Editor/Fusion.Unity.Editor.cs Line: 12073)

<color>[FusionEditor/Installer]</color> Adding Fusion Define Symbol: 'FUSION2'
UnityEngine.StackTraceUtility:ExtractStackTrace ()
UnityEngine.DebugLogHandler:LogFormat (UnityEngine.LogType,UnityEngine.Object,string,object[])
UnityEngine.Logger:Log (UnityEngine.LogType,object)
UnityEngine.Debug:Log (object)
Fusion.FusionEditorLog:LogInstaller (string)
Fusion.Editor.FusionInstaller:TryAddDefine (string&,string,System.Func`2<string, bool>) (at Assets/Photon/Fusion/Editor/Fusion.Unity.Editor.cs:12073)
Fusion.Editor.FusionInstaller:.cctor () (at Assets/Photon/Fusion/Editor/Fusion.Unity.Editor.cs:12061)
System.Runtime.CompilerServices.RuntimeHelpers:RunClassConstructor (System.RuntimeTypeHandle)
UnityEditor.EditorAssemblies:ProcessInitializeOnLoadAttributes (System.Type[])

(Filename: Assets/Photon/Fusion/Editor/Fusion.Unity.Editor.cs Line: 12073)

[ScriptCompilation] NOT recompiling all scripts because this is an import worker process. Reason to compile was: Define symbols changed
Mono: successfully reloaded assembly
- Finished resetting the current domain, in  1.156 seconds
Domain Reload Profiling: 1997ms
	BeginReloadAssembly (168ms)
		ExecutionOrderSort (0ms)
		DisableScriptedObjects (8ms)
		BackupInstance (0ms)
		ReleaseScriptingObjects (0ms)
		CreateAndSetChildDomain (42ms)
	RebuildCommonClasses (37ms)
	RebuildNativeTypeToScriptingClass (13ms)
	initialDomainReloadingComplete (38ms)
	LoadAllAssembliesAndSetupDomain (585ms)
		LoadAssemblies (343ms)
		RebuildTransferFunctionScriptingTraits (0ms)
		AnalyzeDomain (320ms)
			TypeCache.Refresh (300ms)
				TypeCache.ScanAssembly (288ms)
			ScanForSourceGeneratedMonoScriptInfo (14ms)
			ResolveRequiredComponents (6ms)
	FinalizeReload (1157ms)
		ReleaseScriptCaches (0ms)
		RebuildScriptCaches (0ms)
		SetupLoadedEditorAssemblies (652ms)
			LogAssemblyErrors (0ms)
			InitializePlatformSupportModulesInManaged (7ms)
			SetLoadedEditorAssemblies (7ms)
			RefreshPlugins (0ms)
			BeforeProcessingInitializeOnLoad (119ms)
			ProcessInitializeOnLoadAttributes (485ms)
			ProcessInitializeOnLoadMethodAttributes (24ms)
			AfterProcessingInitializeOnLoad (11ms)
			EditorAssembliesLoaded (0ms)
		ExecutionOrderSort2 (0ms)
		AwakeInstancesAfterBackupRestoration (6ms)
Refreshing native plugins compatible for Editor in 13.05 ms, found 4 plugins.
Preloading 0 native plugins for Editor in 0.00 ms.
Unloading 3196 Unused Serialized files (Serialized files now loaded: 0)
Unloading 50 unused Assets / (45.8 KB). Loaded Objects now: 3669.
Memory consumption went from 119.9 MB to 119.8 MB.
Total: 3.169600 ms (FindLiveObjects: 0.327100 ms CreateObjectMapping: 0.087700 ms MarkObjects: 2.681300 ms  DeleteObjects: 0.072500 ms)

Prepare: number of updated asset objects reloaded= 0
AssetImportParameters requested are different than current active one (requested -> active):
  custom:container-demuxer-ogg: 62fdf1f143b41e24485cea50d1cbac27 -> 
  custom:video-decoder-ogg-theora: a1e56fd34408186e4bbccfd4996cb3dc -> 
  custom:framework-win-MediaFoundation: 216162199b28c13a410421893ffa2e32 -> 
  custom:CustomObjectIndexerAttribute: 756ad292c208cfabdd7b50bc23989ffe -> 
  custom:container-demuxer-webm: 4f35f7cbe854078d1ac9338744f61a02 -> 
  custom:FusionILWeaverTriggerImporter/ConfigHash: b0b173a93bb19085723cb3d421b3a13b -> 
  custom:container-muxer-webm: aa71ff27fc2769a1b78a27578f13a17b -> 
  custom:video-decoder-webm-vp8: 9c59270c3fd7afecdb556c50c9e8de78 -> 
  custom:AudioImporter_EditorPlatform: d09bf68614088b80899f8185d706f6e7 -> 
  custom:video-encoder-webm-vp8: eb34c28f22e8b96e1ab97ce403110664 -> 
  custom:audio-decoder-ogg-vorbis: bf7c407c2cedff20999df2af8eb42d56 -> 
  custom:Fusion.ScriptOrderDependency: 29ad7ce3e3d14d44fbfea38402f2dde5 -> 
  custom:audio-encoder-webm-vorbis: bf7c407c2cedff20999df2af8eb42d56 -> 
========================================================================
Received Import Request.
  Time since last request: 76.020092 seconds.
  path: Assets/Photon/Fusion/Resources/PhotonAppSettings.asset
  artifactKey: Guid(4a0a9e6923fece34e8d991ed96c5225f) Importer(815301076,1909f56bfc062723c751e8b465ee728b)
Start importing Assets/Photon/Fusion/Resources/PhotonAppSettings.asset using Guid(4a0a9e6923fece34e8d991ed96c5225f) Importer(815301076,1909f56bfc062723c751e8b465ee728b)  -> (artifact id: '606103e49557fd3bc3a3c5f7300c96d9') in 0.010861 seconds
Number of updated asset objects reloaded before import = 0
Number of asset objects unloaded after import = 1
